<?xml version="1.0" encoding="UTF-8"?>
<testsuite xmlns:xsi="http://www.w3.org/2001/XMLSchema-instance" xsi:noNamespaceSchemaLocation="https://maven.apache.org/surefire/maven-surefire-plugin/xsd/surefire-test-report.xsd" name="CalculateMethodsTest" time="0" tests="2" errors="0" skipped="0" failures="2">
  <properties>
[...]
</properties>
  <testcase name="CalculateMethodsTest.testDivideByZero" classname="CalculateMethodsTest" time="0">
    <failure message="Unexpected exception type thrown, expected: &lt;java.lang.ArithmeticException&gt; but was: &lt;java.lang.NullPointerException&gt;" type="org.opentest4j.AssertionFailedError"><![CDATA[org.opentest4j.AssertionFailedError: Unexpected exception type thrown, expected: <java.lang.ArithmeticException> but was: <java.lang.NullPointerException>
	at org.junit.jupiter.api.AssertionFailureBuilder.build(AssertionFailureBuilder.java:151)
	at org.junit.jupiter.api.AssertThrows.assertThrows(AssertThrows.java:67)
	at org.junit.jupiter.api.AssertThrows.assertThrows(AssertThrows.java:35)
	at org.junit.jupiter.api.Assertions.assertThrows(Assertions.java:3082)
	at CalculateMethodsTest.testDivideByZero(CalculateMethodsTest.java:22)
Caused by: java.lang.NullPointerException
	at CalculateMethodsTest.lambda$testDivideByZero$0(CalculateMethodsTest.java:22)
	at org.junit.jupiter.api.AssertThrows.assertThrows(AssertThrows.java:53)
	... 16 more
]]></failure>
  </testcase>
  <testcase name="CalculateMethodsTest.testDivide" classname="CalculateMethodsTest" time="0">
    <failure type="java.lang.NullPointerException">java.lang.NullPointerException
	at CalculateMethodsTest.testDivide(CalculateMethodsTest.java:17)
</failure>
  </testcase>
</testsuite>